<?xml version="1.0" encoding="UTF-8"?>
<testng-results ignored="0" total="10" passed="10" failed="0" skipped="0">
  <reporter-output>
  </reporter-output>
  <suite started-at="2025-07-31T16:02:27 IST" name="Default suite" finished-at="2025-07-31T16:02:44 IST" duration-ms="16984">
    <groups>
    </groups>
    <test started-at="2025-07-31T16:02:27 IST" name="Default test" finished-at="2025-07-31T16:02:44 IST" duration-ms="16984">
      <class name="telecomProject.TelecomTestCases">
        <test-method signature="addNewUser()[pri:1, instance:telecomProject.TelecomTestCases@27f981c6]" started-at="2025-07-31T16:02:27 IST" name="addNewUser" finished-at="2025-07-31T16:02:30 IST" duration-ms="3815" status="PASS">
          <reporter-output>
          </reporter-output>
        </test-method> <!-- addNewUser -->
        <test-method signature="getUserProfile()[pri:2, instance:telecomProject.TelecomTestCases@27f981c6]" started-at="2025-07-31T16:02:30 IST" name="getUserProfile" finished-at="2025-07-31T16:02:32 IST" depends-on-methods="telecomProject.TelecomTestCases.addNewUser" duration-ms="1473" status="PASS">
          <reporter-output>
          </reporter-output>
        </test-method> <!-- getUserProfile -->
        <test-method signature="updateUser()[pri:3, instance:telecomProject.TelecomTestCases@27f981c6]" started-at="2025-07-31T16:02:32 IST" name="updateUser" finished-at="2025-07-31T16:02:33 IST" duration-ms="1467" status="PASS">
          <reporter-output>
          </reporter-output>
        </test-method> <!-- updateUser -->
        <test-method signature="logInUser()[pri:4, instance:telecomProject.TelecomTestCases@27f981c6]" started-at="2025-07-31T16:02:33 IST" name="logInUser" finished-at="2025-07-31T16:02:35 IST" duration-ms="1488" status="PASS">
          <reporter-output>
          </reporter-output>
        </test-method> <!-- logInUser -->
        <test-method signature="addContact()[pri:5, instance:telecomProject.TelecomTestCases@27f981c6]" started-at="2025-07-31T16:02:35 IST" name="addContact" finished-at="2025-07-31T16:02:36 IST" depends-on-methods="telecomProject.TelecomTestCases.logInUser" duration-ms="1421" status="PASS">
          <reporter-output>
          </reporter-output>
        </test-method> <!-- addContact -->
        <test-method signature="getContactList()[pri:6, instance:telecomProject.TelecomTestCases@27f981c6]" started-at="2025-07-31T16:02:36 IST" name="getContactList" finished-at="2025-07-31T16:02:38 IST" duration-ms="1485" status="PASS">
          <reporter-output>
          </reporter-output>
        </test-method> <!-- getContactList -->
        <test-method signature="getContact()[pri:7, instance:telecomProject.TelecomTestCases@27f981c6]" started-at="2025-07-31T16:02:38 IST" name="getContact" finished-at="2025-07-31T16:02:39 IST" depends-on-methods="telecomProject.TelecomTestCases.getContactList" duration-ms="1469" status="PASS">
          <reporter-output>
          </reporter-output>
        </test-method> <!-- getContact -->
        <test-method signature="updateContact()[pri:8, instance:telecomProject.TelecomTestCases@27f981c6]" started-at="2025-07-31T16:02:39 IST" name="updateContact" finished-at="2025-07-31T16:02:41 IST" duration-ms="1487" status="PASS">
          <reporter-output>
          </reporter-output>
        </test-method> <!-- updateContact -->
        <test-method signature="updateContact1()[pri:9, instance:telecomProject.TelecomTestCases@27f981c6]" started-at="2025-07-31T16:02:41 IST" name="updateContact1" finished-at="2025-07-31T16:02:42 IST" duration-ms="1418" status="PASS">
          <reporter-output>
          </reporter-output>
        </test-method> <!-- updateContact1 -->
        <test-method signature="logoutUser()[pri:10, instance:telecomProject.TelecomTestCases@27f981c6]" started-at="2025-07-31T16:02:42 IST" name="logoutUser" finished-at="2025-07-31T16:02:44 IST" duration-ms="1395" status="PASS">
          <reporter-output>
          </reporter-output>
        </test-method> <!-- logoutUser -->
      </class> <!-- telecomProject.TelecomTestCases -->
    </test> <!-- Default test -->
  </suite> <!-- Default suite -->
</testng-results>
