<?xml version="1.0" encoding="UTF-8"?>
<!-- Generated by org.testng.reporters.JUnitXMLReporter -->
<testsuite ignored="6" hostname="HEMANTHRAJP" failures="0" tests="8" name="MyTest" time="54.327" errors="0" timestamp="2025-08-11T22:55:14 IST">
  <testcase classname="tests.LoginTest" name="loginWithNoCredentials" time="2.376"/>
  <testcase classname="tests.LoginTest" name="loginWithInvalidCredentials" time="1.427"/>
  <testcase classname="tests.LoginTest" name="loginWithValidCredentials" time="0.482"/>
  <testcase classname="tests.AddToCartTest" name="addSingleItem" time="4.788"/>
  <testcase classname="tests.AddToCartTest" name="addMultipleItems" time="9.43"/>
  <testcase classname="tests.AddToCartTest" name="removeItems" time="1.206"/>
  <testcase classname="tests.CheckoutTest" name="checkOutWithNoItems" time="0.154"/>
  <testcase classname="tests.CheckoutTest" name="properCheckOut" time="3.682"/>
  <testcase classname="baseUtils.BaseFunction" name="@BeforeSuite extentReport" time="0.0">
    <ignored/>
  </testcase> <!-- @BeforeSuite extentReport -->
  <testcase classname="baseUtils.BaseFunction" name="@AfterSuite flushReport" time="0.0">
    <ignored/>
  </testcase> <!-- @AfterSuite flushReport -->
  <testcase classname="baseUtils.BaseFunction" name="@BeforeSuite extentReport" time="0.0">
    <ignored/>
  </testcase> <!-- @BeforeSuite extentReport -->
  <testcase classname="baseUtils.BaseFunction" name="@AfterSuite flushReport" time="0.0">
    <ignored/>
  </testcase> <!-- @AfterSuite flushReport -->
  <testcase classname="baseUtils.BaseFunction" name="@AfterSuite flushReport" time="0.0">
    <ignored/>
  </testcase> <!-- @AfterSuite flushReport -->
  <testcase classname="baseUtils.BaseFunction" name="@BeforeSuite extentReport" time="0.0">
    <ignored/>
  </testcase> <!-- @BeforeSuite extentReport -->
</testsuite> <!-- MyTest -->
