<?xml version="1.0" encoding="UTF-8"?>
<!-- Generated by org.testng.reporters.JUnitXMLReporter -->
<testsuite ignored="0" hostname="HEMANTHRAJP" failures="0" tests="10" name="Default test" time="16.984" errors="0" timestamp="2025-07-31T16:02:44 IST">
  <testcase classname="telecomProject.TelecomTestCases" name="addNewUser" time="3.815"/>
  <testcase classname="telecomProject.TelecomTestCases" name="getUserProfile" time="1.473"/>
  <testcase classname="telecomProject.TelecomTestCases" name="updateUser" time="1.467"/>
  <testcase classname="telecomProject.TelecomTestCases" name="logInUser" time="1.488"/>
  <testcase classname="telecomProject.TelecomTestCases" name="addContact" time="1.421"/>
  <testcase classname="telecomProject.TelecomTestCases" name="getContactList" time="1.485"/>
  <testcase classname="telecomProject.TelecomTestCases" name="getContact" time="1.469"/>
  <testcase classname="telecomProject.TelecomTestCases" name="updateContact" time="1.487"/>
  <testcase classname="telecomProject.TelecomTestCases" name="updateContact1" time="1.418"/>
  <testcase classname="telecomProject.TelecomTestCases" name="logoutUser" time="1.395"/>
</testsuite> <!-- Default test -->
